<?xml version="1.0" encoding="UTF-8"?>
<!-- Generated by org.testng.reporters.JUnitReportReporter -->
<testsuite hostname="LAPTOP-PNIURK2S" failures="0" tests="1" name="selenium_test.NewTest" time="22.780" errors="0" timestamp="2021-03-14T17:08:43 IST" skipped="0">
  <testcase classname="selenium_test.NewTest" name="Load_Ebay" time="22.780"/>
  <system-out/>
</testsuite> <!-- selenium_test.NewTest -->
